2026-04-27 00:08:42 DEBUG TestNG - suiteXmlPath: "C:\Users\bala karthikeyan\eclipse-workspace\open_cart_project\grid-docker.xml"
2026-04-27 00:08:43 INFO  Utils - [TestNG] Running:
  C:\Users\bala karthikeyan\eclipse-workspace\open_cart_project\grid-docker.xml

2026-04-27 00:08:46 INFO  TC001_AccountRegistration - Testcase_1 started
2026-04-27 00:08:46 INFO  TC001_AccountRegistration - clicked on myAccount
2026-04-27 00:08:48 INFO  TC001_AccountRegistration - clicked on register
2026-04-27 00:08:48 INFO  TC001_AccountRegistration - providing details
2026-04-27 00:08:54 INFO  TC001_AccountRegistration - validating expected message
2026-04-27 00:08:54 INFO  TC001_AccountRegistration - message successfull
2026-04-27 00:08:54 INFO  TC001_AccountRegistration - Execution finished
2026-04-27 00:08:56 INFO  TC002_LoginPage - TC002 started
2026-04-27 00:08:59 INFO  TC002_LoginPage - TC002 completed
2026-04-27 00:09:00 DEBUG PackageRelationshipCollection - Parsing relationship: /xl/_rels/workbook.xml.rels
2026-04-27 00:09:00 DEBUG PackageRelationshipCollection - Parsing relationship: /xl/worksheets/_rels/sheet1.xml.rels
2026-04-27 00:09:00 DEBUG PackageRelationshipCollection - Parsing relationship: /_rels/.rels
2026-04-27 00:09:03 INFO  TC003_LoginDDT - Running with: azeez12333@gmail.com | Expected: Valid
2026-04-27 00:09:08 INFO  TC003_LoginDDT - TC003 Execution Finished for: azeez12333@gmail.com
2026-04-27 00:09:10 INFO  TC003_LoginDDT - Running with: azwewed@gmail.com | Expected: Valid
2026-04-27 00:09:35 INFO  TC003_LoginDDT - Running with: werrwefw@gmail.com | Expected: Invalid
2026-04-27 00:09:58 INFO  TC003_LoginDDT - TC003 Execution Finished for: werrwefw@gmail.com
2026-04-27 00:09:59 INFO  TC003_LoginDDT - Running with: asfqwfasf@gmail.com | Expected: Invalid
2026-04-27 00:10:22 INFO  TC003_LoginDDT - TC003 Execution Finished for: asfqwfasf@gmail.com
2026-04-27 00:10:24 INFO  TC003_LoginDDT - Running with: azeez143@gmail.com | Expected: Valid
2026-04-27 00:10:27 INFO  TC003_LoginDDT - TC003 Execution Finished for: azeez143@gmail.com
2026-04-27 00:13:01 DEBUG TestNG - suiteXmlPath: "C:\Users\bala karthikeyan\eclipse-workspace\open_cart_project\grid-docker.xml"
2026-04-27 00:13:01 INFO  Utils - [TestNG] Running:
  C:\Users\bala karthikeyan\eclipse-workspace\open_cart_project\grid-docker.xml

2026-04-27 00:13:13 INFO  TC001_AccountRegistration - Testcase_1 started
2026-04-27 00:13:14 INFO  TC001_AccountRegistration - clicked on myAccount
2026-04-27 00:13:14 INFO  TC001_AccountRegistration - clicked on register
2026-04-27 00:13:14 INFO  TC001_AccountRegistration - providing details
2026-04-27 00:13:16 INFO  TC001_AccountRegistration - Testcase_1 started
2026-04-27 00:13:18 INFO  TC001_AccountRegistration - clicked on myAccount
2026-04-27 00:13:19 INFO  TC001_AccountRegistration - clicked on register
2026-04-27 00:13:19 INFO  TC001_AccountRegistration - providing details
2026-04-27 00:13:19 INFO  TC001_AccountRegistration - validating expected message
2026-04-27 00:13:20 INFO  TC001_AccountRegistration - message successfull
2026-04-27 00:13:20 INFO  TC001_AccountRegistration - Execution finished
2026-04-27 00:13:24 INFO  TC002_LoginPage - TC002 started
2026-04-27 00:13:25 INFO  TC001_AccountRegistration - validating expected message
2026-04-27 00:13:25 INFO  TC001_AccountRegistration - message successfull
2026-04-27 00:13:25 INFO  TC001_AccountRegistration - Execution finished
2026-04-27 00:13:28 INFO  TC002_LoginPage - TC002 completed
2026-04-27 00:13:29 DEBUG PackageRelationshipCollection - Parsing relationship: /xl/_rels/workbook.xml.rels
2026-04-27 00:13:29 DEBUG PackageRelationshipCollection - Parsing relationship: /xl/worksheets/_rels/sheet1.xml.rels
2026-04-27 00:13:29 DEBUG PackageRelationshipCollection - Parsing relationship: /_rels/.rels
2026-04-27 00:13:34 INFO  TC003_LoginDDT - Running with: azeez12333@gmail.com | Expected: Valid
2026-04-27 00:13:34 INFO  TC002_LoginPage - TC002 started
2026-04-27 00:13:38 INFO  TC002_LoginPage - TC002 completed
2026-04-27 00:13:38 INFO  TC002_LoginPage - TC002 started
2026-04-27 00:13:40 INFO  TC003_LoginDDT - TC003 Execution Finished for: azeez12333@gmail.com
2026-04-27 00:13:40 DEBUG PackageRelationshipCollection - Parsing relationship: /xl/_rels/workbook.xml.rels
2026-04-27 00:13:40 DEBUG PackageRelationshipCollection - Parsing relationship: /xl/worksheets/_rels/sheet1.xml.rels
2026-04-27 00:13:40 DEBUG PackageRelationshipCollection - Parsing relationship: /_rels/.rels
2026-04-27 00:13:41 INFO  TC002_LoginPage - TC002 completed
2026-04-27 00:13:42 DEBUG PackageRelationshipCollection - Parsing relationship: /xl/_rels/workbook.xml.rels
2026-04-27 00:13:42 DEBUG PackageRelationshipCollection - Parsing relationship: /xl/worksheets/_rels/sheet1.xml.rels
2026-04-27 00:13:42 DEBUG PackageRelationshipCollection - Parsing relationship: /_rels/.rels
2026-04-27 00:13:43 INFO  TC003_LoginDDT - Running with: azwewed@gmail.com | Expected: Valid
2026-04-27 00:13:44 INFO  TC003_LoginDDT - Running with: azeez12333@gmail.com | Expected: Valid
2026-04-27 00:13:47 INFO  TC003_LoginDDT - Running with: azeez12333@gmail.com | Expected: Valid
2026-04-27 00:13:48 INFO  TC003_LoginDDT - TC003 Execution Finished for: azeez12333@gmail.com
2026-04-27 00:13:51 INFO  TC003_LoginDDT - Running with: azwewed@gmail.com | Expected: Valid
2026-04-27 00:13:51 INFO  TC003_LoginDDT - TC003 Execution Finished for: azeez12333@gmail.com
2026-04-27 00:13:58 INFO  TC003_LoginDDT - Running with: azwewed@gmail.com | Expected: Valid
2026-04-27 00:14:10 INFO  TC003_LoginDDT - Running with: werrwefw@gmail.com | Expected: Invalid
2026-04-27 00:14:16 INFO  TC003_LoginDDT - Running with: werrwefw@gmail.com | Expected: Invalid
2026-04-27 00:14:29 INFO  TC003_LoginDDT - Running with: werrwefw@gmail.com | Expected: Invalid
2026-04-27 00:14:38 INFO  TC003_LoginDDT - TC003 Execution Finished for: werrwefw@gmail.com
2026-04-27 00:14:41 INFO  TC003_LoginDDT - Running with: asfqwfasf@gmail.com | Expected: Invalid
2026-04-27 00:14:52 INFO  TC003_LoginDDT - TC003 Execution Finished for: werrwefw@gmail.com
2026-04-27 00:15:02 INFO  TC003_LoginDDT - Running with: asfqwfasf@gmail.com | Expected: Invalid
2026-04-27 00:15:04 INFO  TC003_LoginDDT - TC003 Execution Finished for: asfqwfasf@gmail.com
2026-04-27 00:15:07 INFO  TC003_LoginDDT - Running with: azeez143@gmail.com | Expected: Valid
2026-04-27 00:15:10 INFO  TC003_LoginDDT - TC003 Execution Finished for: azeez143@gmail.com
2026-04-27 00:15:25 INFO  TC003_LoginDDT - TC003 Execution Finished for: asfqwfasf@gmail.com
2026-04-27 00:15:31 INFO  TC003_LoginDDT - Running with: azeez143@gmail.com | Expected: Valid
2026-04-27 00:15:35 INFO  TC003_LoginDDT - TC003 Execution Finished for: azeez143@gmail.com
2026-04-27 00:17:09 DEBUG TestNG - suiteXmlPath: "C:\Users\bala karthikeyan\eclipse-workspace\open_cart_project\grid-docker.xml"
2026-04-27 00:17:10 INFO  Utils - [TestNG] Running:
  C:\Users\bala karthikeyan\eclipse-workspace\open_cart_project\grid-docker.xml

2026-04-27 00:17:13 INFO  TC001_AccountRegistration - Testcase_1 started
2026-04-27 00:17:13 INFO  TC001_AccountRegistration - clicked on myAccount
2026-04-27 00:17:14 INFO  TC001_AccountRegistration - clicked on register
2026-04-27 00:17:14 INFO  TC001_AccountRegistration - providing details
2026-04-27 00:17:19 INFO  TC001_AccountRegistration - validating expected message
2026-04-27 00:17:19 INFO  TC001_AccountRegistration - message successfull
2026-04-27 00:17:19 INFO  TC001_AccountRegistration - Execution finished
2026-04-27 00:17:21 INFO  TC002_LoginPage - TC002 started
2026-04-27 00:17:24 INFO  TC002_LoginPage - TC002 completed
2026-04-27 00:17:24 DEBUG PackageRelationshipCollection - Parsing relationship: /xl/_rels/workbook.xml.rels
2026-04-27 00:17:24 DEBUG PackageRelationshipCollection - Parsing relationship: /xl/worksheets/_rels/sheet1.xml.rels
2026-04-27 00:17:24 DEBUG PackageRelationshipCollection - Parsing relationship: /_rels/.rels
2026-04-27 00:17:28 INFO  TC003_LoginDDT - Running with: azeez12333@gmail.com | Expected: Valid
2026-04-27 00:17:32 INFO  TC003_LoginDDT - TC003 Execution Finished for: azeez12333@gmail.com
2026-04-27 00:17:34 INFO  TC003_LoginDDT - Running with: azwewed@gmail.com | Expected: Valid
2026-04-27 00:17:59 INFO  TC003_LoginDDT - Running with: werrwefw@gmail.com | Expected: Invalid
2026-04-27 00:18:22 INFO  TC003_LoginDDT - TC003 Execution Finished for: werrwefw@gmail.com
2026-04-27 00:18:24 INFO  TC003_LoginDDT - Running with: asfqwfasf@gmail.com | Expected: Invalid
2026-04-27 00:18:46 INFO  TC003_LoginDDT - TC003 Execution Finished for: asfqwfasf@gmail.com
2026-04-27 00:18:48 INFO  TC003_LoginDDT - Running with: azeez143@gmail.com | Expected: Valid
2026-04-27 00:18:51 INFO  TC003_LoginDDT - TC003 Execution Finished for: azeez143@gmail.com
2026-04-27 00:21:09 DEBUG TestNG - suiteXmlPath: "C:\Users\bala karthikeyan\eclipse-workspace\open_cart_project\grid-docker.xml"
2026-04-27 00:21:09 INFO  Utils - [TestNG] Running:
  C:\Users\bala karthikeyan\eclipse-workspace\open_cart_project\grid-docker.xml

2026-04-27 00:21:12 INFO  TC001_AccountRegistration - Testcase_1 started
2026-04-27 00:21:13 INFO  TC001_AccountRegistration - clicked on myAccount
2026-04-27 00:21:14 INFO  TC001_AccountRegistration - clicked on register
2026-04-27 00:21:14 INFO  TC001_AccountRegistration - providing details
2026-04-27 00:21:17 INFO  TC001_AccountRegistration - Testcase_1 started
2026-04-27 00:21:17 INFO  TC001_AccountRegistration - clicked on myAccount
2026-04-27 00:21:18 INFO  TC001_AccountRegistration - validating expected message
2026-04-27 00:21:18 INFO  TC001_AccountRegistration - message successfull
2026-04-27 00:21:18 INFO  TC001_AccountRegistration - Execution finished
2026-04-27 00:21:18 INFO  TC001_AccountRegistration - clicked on register
2026-04-27 00:21:18 INFO  TC001_AccountRegistration - providing details
2026-04-27 00:21:23 INFO  TC001_AccountRegistration - validating expected message
2026-04-27 00:21:23 INFO  TC001_AccountRegistration - message successfull
2026-04-27 00:21:23 INFO  TC001_AccountRegistration - Execution finished
2026-04-27 00:21:32 INFO  TC002_LoginPage - TC002 started
2026-04-27 00:21:34 INFO  TC002_LoginPage - TC002 started
2026-04-27 00:21:39 INFO  TC002_LoginPage - TC002 completed
2026-04-27 00:21:42 INFO  TC002_LoginPage - TC002 completed
2026-04-27 00:21:43 DEBUG PackageRelationshipCollection - Parsing relationship: /xl/_rels/workbook.xml.rels
2026-04-27 00:21:43 DEBUG PackageRelationshipCollection - Parsing relationship: /xl/_rels/workbook.xml.rels
2026-04-27 00:21:43 DEBUG PackageRelationshipCollection - Parsing relationship: /xl/worksheets/_rels/sheet1.xml.rels
2026-04-27 00:21:43 DEBUG PackageRelationshipCollection - Parsing relationship: /xl/worksheets/_rels/sheet1.xml.rels
2026-04-27 00:21:43 DEBUG PackageRelationshipCollection - Parsing relationship: /_rels/.rels
2026-04-27 00:21:43 DEBUG PackageRelationshipCollection - Parsing relationship: /_rels/.rels
2026-04-27 00:21:47 INFO  TC003_LoginDDT - Running with: azeez12333@gmail.com | Expected: Valid
2026-04-27 00:21:51 INFO  TC003_LoginDDT - Running with: azeez12333@gmail.com | Expected: Valid
2026-04-27 00:21:52 DEBUG PackageRelationshipCollection - Parsing relationship: /xl/_rels/workbook.xml.rels
2026-04-27 00:21:52 DEBUG PackageRelationshipCollection - Parsing relationship: /xl/worksheets/_rels/sheet1.xml.rels
2026-04-27 00:21:52 DEBUG PackageRelationshipCollection - Parsing relationship: /_rels/.rels
2026-04-27 00:21:53 INFO  TC003_LoginDDT - TC003 Execution Finished for: azeez12333@gmail.com
2026-04-27 00:21:55 INFO  TC003_LoginDDT - Running with: azeez12333@gmail.com | Expected: Valid
2026-04-27 00:21:57 INFO  TC003_LoginDDT - TC003 Execution Finished for: azeez12333@gmail.com
2026-04-27 00:21:57 INFO  TC003_LoginDDT - Running with: azwewed@gmail.com | Expected: Valid
2026-04-27 00:22:00 INFO  TC003_LoginDDT - TC003 Execution Finished for: azeez12333@gmail.com
2026-04-27 00:22:02 INFO  TC003_LoginDDT - Running with: azwewed@gmail.com | Expected: Valid
2026-04-27 00:22:05 INFO  TC003_LoginDDT - Running with: azwewed@gmail.com | Expected: Valid
2026-04-27 00:22:24 INFO  TC003_LoginDDT - Running with: werrwefw@gmail.com | Expected: Invalid
2026-04-27 00:22:26 INFO  TC003_LoginDDT - Running with: werrwefw@gmail.com | Expected: Invalid
2026-04-27 00:22:33 INFO  TC003_LoginDDT - Running with: werrwefw@gmail.com | Expected: Invalid
2026-04-27 00:22:47 INFO  TC003_LoginDDT - TC003 Execution Finished for: werrwefw@gmail.com
2026-04-27 00:22:49 INFO  TC003_LoginDDT - TC003 Execution Finished for: werrwefw@gmail.com
2026-04-27 00:22:50 INFO  TC003_LoginDDT - Running with: asfqwfasf@gmail.com | Expected: Invalid
2026-04-27 00:22:51 INFO  TC003_LoginDDT - Running with: asfqwfasf@gmail.com | Expected: Invalid
2026-04-27 00:22:56 INFO  TC003_LoginDDT - TC003 Execution Finished for: werrwefw@gmail.com
2026-04-27 00:23:01 INFO  TC003_LoginDDT - Running with: asfqwfasf@gmail.com | Expected: Invalid
2026-04-27 00:23:13 INFO  TC003_LoginDDT - TC003 Execution Finished for: asfqwfasf@gmail.com
2026-04-27 00:23:14 INFO  TC003_LoginDDT - TC003 Execution Finished for: asfqwfasf@gmail.com
2026-04-27 00:23:15 INFO  TC003_LoginDDT - Running with: azeez143@gmail.com | Expected: Valid
2026-04-27 00:23:15 INFO  TC003_LoginDDT - Running with: azeez143@gmail.com | Expected: Valid
2026-04-27 00:23:18 INFO  TC003_LoginDDT - TC003 Execution Finished for: azeez143@gmail.com
2026-04-27 00:23:19 INFO  TC003_LoginDDT - TC003 Execution Finished for: azeez143@gmail.com
2026-04-27 00:23:25 INFO  TC003_LoginDDT - TC003 Execution Finished for: asfqwfasf@gmail.com
2026-04-27 00:23:30 INFO  TC003_LoginDDT - Running with: azeez143@gmail.com | Expected: Valid
2026-04-27 00:23:34 INFO  TC003_LoginDDT - TC003 Execution Finished for: azeez143@gmail.com
2026-04-27 00:33:16 DEBUG TestNG - suiteXmlPath: "C:\Users\bala karthikeyan\eclipse-workspace\open_cart_project\grid-docker.xml"
2026-04-27 00:33:17 INFO  Utils - [TestNG] Running:
  C:\Users\bala karthikeyan\eclipse-workspace\open_cart_project\grid-docker.xml

2026-04-27 00:33:20 INFO  TC001_AccountRegistration - Testcase_1 started
2026-04-27 00:33:20 INFO  TC001_AccountRegistration - Testcase_1 started
2026-04-27 00:33:20 INFO  TC001_AccountRegistration - clicked on myAccount
2026-04-27 00:33:20 INFO  TC001_AccountRegistration - clicked on myAccount
2026-04-27 00:33:21 INFO  TC001_AccountRegistration - clicked on register
2026-04-27 00:33:21 INFO  TC001_AccountRegistration - providing details
2026-04-27 00:33:21 INFO  TC001_AccountRegistration - clicked on register
2026-04-27 00:33:21 INFO  TC001_AccountRegistration - providing details
2026-04-27 00:33:23 INFO  TC001_AccountRegistration - Testcase_1 started
2026-04-27 00:33:24 INFO  TC001_AccountRegistration - clicked on myAccount
2026-04-27 00:33:24 INFO  TC001_AccountRegistration - clicked on register
2026-04-27 00:33:24 INFO  TC001_AccountRegistration - providing details
2026-04-27 00:33:25 INFO  TC001_AccountRegistration - validating expected message
2026-04-27 00:33:25 INFO  TC001_AccountRegistration - message successfull
2026-04-27 00:33:25 INFO  TC001_AccountRegistration - Execution finished
2026-04-27 00:33:25 INFO  TC001_AccountRegistration - validating expected message
2026-04-27 00:33:26 INFO  TC001_AccountRegistration - message successfull
2026-04-27 00:33:26 INFO  TC001_AccountRegistration - Execution finished
2026-04-27 00:33:27 INFO  TC002_LoginPage - TC002 started
2026-04-27 00:33:28 INFO  TC001_AccountRegistration - validating expected message
2026-04-27 00:33:28 INFO  TC001_AccountRegistration - message successfull
2026-04-27 00:33:28 INFO  TC001_AccountRegistration - Execution finished
2026-04-27 00:33:28 INFO  TC002_LoginPage - TC002 started
2026-04-27 00:33:30 INFO  TC002_LoginPage - TC002 completed
2026-04-27 00:33:30 DEBUG PackageRelationshipCollection - Parsing relationship: /xl/_rels/workbook.xml.rels
2026-04-27 00:33:30 DEBUG PackageRelationshipCollection - Parsing relationship: /xl/worksheets/_rels/sheet1.xml.rels
2026-04-27 00:33:30 DEBUG PackageRelationshipCollection - Parsing relationship: /_rels/.rels
2026-04-27 00:33:31 INFO  TC002_LoginPage - TC002 completed
2026-04-27 00:33:31 DEBUG PackageRelationshipCollection - Parsing relationship: /xl/_rels/workbook.xml.rels
2026-04-27 00:33:31 DEBUG PackageRelationshipCollection - Parsing relationship: /xl/worksheets/_rels/sheet1.xml.rels
2026-04-27 00:33:31 DEBUG PackageRelationshipCollection - Parsing relationship: /_rels/.rels
2026-04-27 00:33:33 INFO  TC003_LoginDDT - Running with: azeez12333@gmail.com | Expected: Valid
2026-04-27 00:33:34 INFO  TC002_LoginPage - TC002 started
2026-04-27 00:33:34 INFO  TC003_LoginDDT - Running with: azeez12333@gmail.com | Expected: Valid
2026-04-27 00:33:36 INFO  TC003_LoginDDT - TC003 Execution Finished for: azeez12333@gmail.com
2026-04-27 00:33:36 INFO  TC002_LoginPage - TC002 completed
2026-04-27 00:33:37 INFO  TC003_LoginDDT - TC003 Execution Finished for: azeez12333@gmail.com
2026-04-27 00:33:38 DEBUG PackageRelationshipCollection - Parsing relationship: /xl/_rels/workbook.xml.rels
2026-04-27 00:33:38 DEBUG PackageRelationshipCollection - Parsing relationship: /xl/worksheets/_rels/sheet1.xml.rels
2026-04-27 00:33:38 DEBUG PackageRelationshipCollection - Parsing relationship: /_rels/.rels
2026-04-27 00:33:38 INFO  TC003_LoginDDT - Running with: azwewed@gmail.com | Expected: Valid
2026-04-27 00:33:40 INFO  TC003_LoginDDT - Running with: azwewed@gmail.com | Expected: Valid
2026-04-27 00:33:42 INFO  TC003_LoginDDT - Running with: azeez12333@gmail.com | Expected: Valid
2026-04-27 00:33:46 INFO  TC003_LoginDDT - TC003 Execution Finished for: azeez12333@gmail.com
2026-04-27 00:33:53 INFO  TC003_LoginDDT - Running with: azwewed@gmail.com | Expected: Valid
2026-04-27 00:34:03 INFO  TC003_LoginDDT - Running with: werrwefw@gmail.com | Expected: Invalid
2026-04-27 00:34:04 INFO  TC003_LoginDDT - Running with: werrwefw@gmail.com | Expected: Invalid
2026-04-27 00:34:19 INFO  TC003_LoginDDT - Running with: asfqwfasf@gmail.com | Expected: Invalid
2026-04-27 00:34:22 INFO  TC003_LoginDDT - Running with: werrwefw@gmail.com | Expected: Invalid
2026-04-27 00:34:27 INFO  TC003_LoginDDT - TC003 Execution Finished for: werrwefw@gmail.com
2026-04-27 00:34:30 INFO  TC003_LoginDDT - Running with: asfqwfasf@gmail.com | Expected: Invalid
2026-04-27 00:34:35 INFO  TC003_LoginDDT - Running with: azeez143@gmail.com | Expected: Valid
2026-04-27 00:34:38 INFO  TC003_LoginDDT - TC003 Execution Finished for: azeez143@gmail.com
2026-04-27 00:34:45 INFO  TC003_LoginDDT - TC003 Execution Finished for: werrwefw@gmail.com
2026-04-27 00:34:51 INFO  TC003_LoginDDT - Running with: asfqwfasf@gmail.com | Expected: Invalid
2026-04-27 00:34:53 INFO  TC003_LoginDDT - TC003 Execution Finished for: asfqwfasf@gmail.com
2026-04-27 00:35:13 INFO  TC003_LoginDDT - TC003 Execution Finished for: asfqwfasf@gmail.com
2026-04-27 00:35:19 INFO  TC003_LoginDDT - Running with: azeez143@gmail.com | Expected: Valid
2026-04-27 00:35:22 INFO  TC003_LoginDDT - TC003 Execution Finished for: azeez143@gmail.com
2026-04-27 00:36:26 DEBUG TestNG - suiteXmlPath: "C:\Users\bala karthikeyan\eclipse-workspace\open_cart_project\grid-docker.xml"
2026-04-27 00:36:27 INFO  Utils - [TestNG] Running:
  C:\Users\bala karthikeyan\eclipse-workspace\open_cart_project\grid-docker.xml

2026-04-27 00:36:29 INFO  TC001_AccountRegistration - Testcase_1 started
2026-04-27 00:36:30 INFO  TC001_AccountRegistration - clicked on myAccount
2026-04-27 00:36:30 INFO  TC001_AccountRegistration - Testcase_1 started
2026-04-27 00:36:30 INFO  TC001_AccountRegistration - clicked on myAccount
2026-04-27 00:36:31 INFO  TC001_AccountRegistration - clicked on register
2026-04-27 00:36:31 INFO  TC001_AccountRegistration - providing details
2026-04-27 00:36:31 INFO  TC001_AccountRegistration - clicked on register
2026-04-27 00:36:31 INFO  TC001_AccountRegistration - providing details
2026-04-27 00:36:33 INFO  TC001_AccountRegistration - Testcase_1 started
2026-04-27 00:36:34 INFO  TC001_AccountRegistration - clicked on myAccount
2026-04-27 00:36:35 INFO  TC001_AccountRegistration - clicked on register
2026-04-27 00:36:35 INFO  TC001_AccountRegistration - providing details
2026-04-27 00:36:35 INFO  TC001_AccountRegistration - validating expected message
2026-04-27 00:36:36 INFO  TC001_AccountRegistration - message successfull
2026-04-27 00:36:36 INFO  TC001_AccountRegistration - Execution finished
2026-04-27 00:36:36 INFO  TC001_AccountRegistration - validating expected message
2026-04-27 00:36:36 INFO  TC001_AccountRegistration - message successfull
2026-04-27 00:36:36 INFO  TC001_AccountRegistration - Execution finished
2026-04-27 00:36:38 INFO  TC001_AccountRegistration - validating expected message
2026-04-27 00:36:38 INFO  TC001_AccountRegistration - message successfull
2026-04-27 00:36:38 INFO  TC001_AccountRegistration - Execution finished
2026-04-27 00:36:38 INFO  TC002_LoginPage - TC002 started
2026-04-27 00:36:41 INFO  TC002_LoginPage - TC002 completed
2026-04-27 00:36:46 INFO  TC002_LoginPage - TC002 started
2026-04-27 00:36:49 INFO  TC002_LoginPage - TC002 completed
2026-04-27 00:50:39 DEBUG TestNG - suiteXmlPath: "C:\Users\bala karthikeyan\eclipse-workspace\open_cart_project\grid-docker.xml"
2026-04-27 00:50:40 INFO  Utils - [TestNG] Running:
  C:\Users\bala karthikeyan\eclipse-workspace\open_cart_project\grid-docker.xml

2026-04-27 00:50:45 INFO  TC001_AccountRegistration - Testcase_1 started
2026-04-27 00:50:45 INFO  TC001_AccountRegistration - clicked on myAccount
2026-04-27 00:50:46 INFO  TC001_AccountRegistration - clicked on register
2026-04-27 00:50:46 INFO  TC001_AccountRegistration - providing details
2026-04-27 00:50:46 INFO  TC001_AccountRegistration - Testcase_1 started
2026-04-27 00:50:47 INFO  TC001_AccountRegistration - clicked on myAccount
2026-04-27 00:50:47 INFO  TC001_AccountRegistration - Testcase_1 started
2026-04-27 00:50:47 INFO  TC001_AccountRegistration - clicked on myAccount
2026-04-27 00:50:48 INFO  TC001_AccountRegistration - clicked on register
2026-04-27 00:50:48 INFO  TC001_AccountRegistration - providing details
2026-04-27 00:50:48 INFO  TC001_AccountRegistration - clicked on register
2026-04-27 00:50:48 INFO  TC001_AccountRegistration - providing details
2026-04-27 00:50:50 INFO  TC001_AccountRegistration - validating expected message
2026-04-27 00:50:50 INFO  TC001_AccountRegistration - message successfull
2026-04-27 00:50:50 INFO  TC001_AccountRegistration - Execution finished
2026-04-27 00:50:51 INFO  TC001_AccountRegistration - validating expected message
2026-04-27 00:50:51 INFO  TC001_AccountRegistration - message successfull
2026-04-27 00:50:51 INFO  TC001_AccountRegistration - Execution finished
2026-04-27 00:50:51 INFO  TC001_AccountRegistration - validating expected message
2026-04-27 00:50:51 INFO  TC001_AccountRegistration - message successfull
2026-04-27 00:50:51 INFO  TC001_AccountRegistration - Execution finished
2026-04-27 00:50:52 INFO  TC002_LoginPage - TC002 started
2026-04-27 00:50:53 INFO  TC002_LoginPage - TC002 completed
2026-04-27 00:50:54 INFO  TC002_LoginPage - TC002 started
2026-04-27 00:50:56 INFO  TC002_LoginPage - TC002 completed
2026-04-27 00:50:58 INFO  TC002_LoginPage - TC002 started
2026-04-27 00:50:59 INFO  TC002_LoginPage - TC002 completed
2026-04-27 00:55:45 DEBUG TestNG - suiteXmlPath: "C:\Users\bala karthikeyan\eclipse-workspace\open_cart_project\grid-docker.xml"
2026-04-27 00:55:45 INFO  Utils - [TestNG] Running:
  C:\Users\bala karthikeyan\eclipse-workspace\open_cart_project\grid-docker.xml

2026-04-27 00:56:20 DEBUG TestNG - suiteXmlPath: "C:\Users\bala karthikeyan\eclipse-workspace\open_cart_project\grouping.xml"
2026-04-27 00:56:20 INFO  Utils - [TestNG] Running:
  C:\Users\bala karthikeyan\eclipse-workspace\open_cart_project\grouping.xml

2026-04-27 00:57:03 DEBUG TestNG - suiteXmlPath: "C:\Users\bala karthikeyan\eclipse-workspace\open_cart_project\grouping.xml"
2026-04-27 00:57:03 INFO  Utils - [TestNG] Running:
  C:\Users\bala karthikeyan\eclipse-workspace\open_cart_project\grouping.xml

2026-04-27 00:57:07 INFO  TC001_AccountRegistration - Testcase_1 started
2026-04-27 00:57:07 INFO  TC001_AccountRegistration - clicked on myAccount
2026-04-27 00:57:07 INFO  TC001_AccountRegistration - clicked on register
2026-04-27 00:57:07 INFO  TC001_AccountRegistration - providing details
2026-04-27 00:57:10 INFO  TC001_AccountRegistration - validating expected message
2026-04-27 00:57:10 INFO  TC001_AccountRegistration - message successfull
2026-04-27 00:57:10 INFO  TC001_AccountRegistration - Execution finished
2026-04-27 00:57:12 INFO  TC002_LoginPage - TC002 started
2026-04-27 00:57:13 INFO  TC002_LoginPage - TC002 completed
2026-04-27 19:56:04 DEBUG TestNG - suiteXmlPath: "C:\Users\bala karthikeyan\eclipse-workspace\open_cart_project\grid-docker.xml"
2026-04-27 19:56:04 INFO  Utils - [TestNG] Running:
  C:\Users\bala karthikeyan\eclipse-workspace\open_cart_project\grid-docker.xml

2026-04-27 19:56:08 INFO  TC001_AccountRegistration - Testcase_1 started
2026-04-27 19:56:09 INFO  TC001_AccountRegistration - Testcase_1 started
2026-04-27 19:56:09 INFO  TC001_AccountRegistration - clicked on myAccount
2026-04-27 19:56:09 INFO  TC001_AccountRegistration - clicked on myAccount
2026-04-27 19:56:10 INFO  TC001_AccountRegistration - clicked on register
2026-04-27 19:56:10 INFO  TC001_AccountRegistration - providing details
2026-04-27 19:56:10 INFO  TC001_AccountRegistration - clicked on register
2026-04-27 19:56:10 INFO  TC001_AccountRegistration - providing details
2026-04-27 19:56:13 INFO  TC001_AccountRegistration - Testcase_1 started
2026-04-27 19:56:14 INFO  TC001_AccountRegistration - validating expected message
2026-04-27 19:56:14 INFO  TC001_AccountRegistration - message successfull
2026-04-27 19:56:14 INFO  TC001_AccountRegistration - Execution finished
2026-04-27 19:56:14 INFO  TC001_AccountRegistration - validating expected message
2026-04-27 19:56:14 INFO  TC001_AccountRegistration - message successfull
2026-04-27 19:56:14 INFO  TC001_AccountRegistration - Execution finished
2026-04-27 19:56:15 INFO  TC002_LoginPage - TC002 started
2026-04-27 19:56:16 INFO  TC002_LoginPage - TC002 started
2026-04-27 19:56:42 INFO  TC002_LoginPage - TC002 started
2026-04-27 19:58:13 DEBUG TestNG - suiteXmlPath: "C:\Users\bala karthikeyan\eclipse-workspace\open_cart_project\grid-docker.xml"
2026-04-27 19:58:14 INFO  Utils - [TestNG] Running:
  C:\Users\bala karthikeyan\eclipse-workspace\open_cart_project\grid-docker.xml

2026-04-27 19:58:17 INFO  TC001_AccountRegistration - Testcase_1 started
2026-04-27 19:58:18 INFO  TC001_AccountRegistration - Testcase_1 started
2026-04-27 19:58:19 INFO  TC001_AccountRegistration - Testcase_1 started
2026-04-27 19:58:39 INFO  TC002_LoginPage - TC002 started
2026-04-27 19:58:41 INFO  TC002_LoginPage - TC002 started
2026-04-27 19:58:45 INFO  TC002_LoginPage - TC002 started
2026-04-27 20:03:16 DEBUG TestNG - suiteXmlPath: "C:\Users\bala karthikeyan\eclipse-workspace\open_cart_project\grid-docker.xml"
2026-04-27 20:03:16 INFO  Utils - [TestNG] Running:
  C:\Users\bala karthikeyan\eclipse-workspace\open_cart_project\grid-docker.xml

2026-04-27 20:03:18 INFO  TC001_AccountRegistration - Testcase_1 started
2026-04-27 20:03:19 INFO  TC001_AccountRegistration - Testcase_1 started
2026-04-27 20:03:19 INFO  TC001_AccountRegistration - clicked on myAccount
2026-04-27 20:03:19 INFO  TC001_AccountRegistration - clicked on myAccount
2026-04-27 20:03:19 INFO  TC001_AccountRegistration - clicked on register
2026-04-27 20:03:19 INFO  TC001_AccountRegistration - providing details
2026-04-27 20:03:20 INFO  TC001_AccountRegistration - clicked on register
2026-04-27 20:03:20 INFO  TC001_AccountRegistration - providing details
2026-04-27 20:03:22 INFO  TC001_AccountRegistration - Testcase_1 started
2026-04-27 20:03:22 INFO  TC001_AccountRegistration - clicked on myAccount
2026-04-27 20:03:23 INFO  TC001_AccountRegistration - clicked on register
2026-04-27 20:03:23 INFO  TC001_AccountRegistration - providing details
2026-04-27 20:03:24 INFO  TC001_AccountRegistration - validating expected message
2026-04-27 20:03:24 INFO  TC001_AccountRegistration - message successfull
2026-04-27 20:03:24 INFO  TC001_AccountRegistration - Execution finished
2026-04-27 20:03:25 INFO  TC001_AccountRegistration - validating expected message
2026-04-27 20:03:25 INFO  TC001_AccountRegistration - message successfull
2026-04-27 20:03:25 INFO  TC001_AccountRegistration - Execution finished
2026-04-27 20:03:27 INFO  TC002_LoginPage - TC002 started
2026-04-27 20:03:29 INFO  TC001_AccountRegistration - validating expected message
2026-04-27 20:03:29 INFO  TC001_AccountRegistration - message successfull
2026-04-27 20:03:29 INFO  TC001_AccountRegistration - Execution finished
2026-04-27 20:03:29 INFO  TC002_LoginPage - TC002 started
2026-04-27 20:03:32 INFO  TC002_LoginPage - TC002 completed
2026-04-27 20:03:34 INFO  TC002_LoginPage - TC002 completed
2026-04-27 20:03:41 INFO  TC002_LoginPage - TC002 started
2026-04-27 20:03:46 INFO  TC002_LoginPage - TC002 completed
2026-04-27 21:15:13 DEBUG TestNG - suiteXmlPath: "C:\Users\bala karthikeyan\eclipse-workspace\open_cart_project\master.xml"
2026-04-27 21:16:34 DEBUG TestNG - suiteXmlPath: "C:\Users\bala karthikeyan\eclipse-workspace\open_cart_project\master.xml"
2026-04-27 21:16:35 INFO  Utils - [TestNG] Running:
  C:\Users\bala karthikeyan\eclipse-workspace\open_cart_project\master.xml

2026-04-27 21:17:21 INFO  TC002_LoginPage - TC002 started
2026-04-27 21:17:54 DEBUG TestNG - suiteXmlPath: "C:\Users\bala karthikeyan\eclipse-workspace\open_cart_project\master.xml"
2026-04-27 21:19:43 DEBUG TestNG - suiteXmlPath: "C:\Users\bala karthikeyan\eclipse-workspace\open_cart_project\master.xml"
2026-04-27 21:19:47 INFO  TC002_LoginPage - TC002 started
2026-04-27 21:19:50 INFO  TC002_LoginPage - TC002 completed
2026-04-27 21:44:57 DEBUG TestNG - suiteXmlPath: "C:\Users\bala karthikeyan\eclipse-workspace\open_cart_project\master.xml"
2026-04-27 21:45:00 INFO  TC002_LoginPage - TC002 started
2026-04-27 21:45:02 INFO  TC002_LoginPage - TC002 completed
2026-04-27 21:46:35 DEBUG TestNG - suiteXmlPath: "C:\Users\bala karthikeyan\eclipse-workspace\open_cart_project\master.xml"
2026-04-27 21:46:39 INFO  TC002_LoginPage - TC002 started
2026-04-27 21:46:42 INFO  TC002_LoginPage - TC002 completed
2026-04-27 22:04:21 DEBUG TestNG - suiteXmlPath: "C:\Users\bala karthikeyan\eclipse-workspace\open_cart_project\master.xml"
2026-04-27 22:04:25 INFO  TC002_LoginPage - TC002 started
2026-04-27 22:04:28 INFO  TC002_LoginPage - TC002 completed
2026-04-27 22:04:58 DEBUG TestNG - suiteXmlPath: "C:\Users\bala karthikeyan\eclipse-workspace\open_cart_project\master.xml"
2026-04-27 22:05:02 INFO  TC002_LoginPage - TC002 started
2026-04-27 22:05:05 INFO  TC002_LoginPage - TC002 completed
